<?xml version="1.0" encoding="UTF-8"?>
<testng-results ignored="0" total="2" passed="2" failed="0" skipped="0">
  <reporter-output>
    <line>
      <![CDATA[1]]>
    </line>
    <line>
      <![CDATA[3]]>
    </line>
  </reporter-output>
  <suite started-at="2022-09-14T23:38:36 IST" name="Suite" finished-at="2022-09-14T23:38:36 IST" duration-ms="36">
    <groups>
    </groups>
    <test started-at="2022-09-14T23:38:36 IST" name="Test" finished-at="2022-09-14T23:38:36 IST" duration-ms="36">
      <class name="Demo.Ak">
        <test-method signature="test1()[pri:0, instance:Demo.Ak@2525ff7e]" started-at="2022-09-14T23:38:36 IST" name="test1" finished-at="2022-09-14T23:38:36 IST" duration-ms="7" status="PASS">
          <reporter-output>
            <line>
              <![CDATA[1]]>
            </line>
          </reporter-output>
        </test-method> <!-- test1 -->
      </class> <!-- Demo.Ak -->
      <class name="Demo.AR">
        <test-method signature="test3()[pri:0, instance:Demo.AR@2abf4075]" started-at="2022-09-14T23:38:36 IST" name="test3" finished-at="2022-09-14T23:38:36 IST" duration-ms="0" status="PASS">
          <reporter-output>
            <line>
              <![CDATA[3]]>
            </line>
          </reporter-output>
        </test-method> <!-- test3 -->
      </class> <!-- Demo.AR -->
    </test> <!-- Test -->
  </suite> <!-- Suite -->
</testng-results>
